<!DOCTYPE html PUBLIC "-//W3C//DTD XHTML 1.1//EN" "https://www.w3.org/TR/xhtml11/DTD/xhtml11.dtd">
<html xmlns="https://www.w3.org/1999/xhtml">
<head>
<meta http-equiv="content-type" content="text/html; charset=UTF-8"/>
<title>TestNG Report</title>
<style type="text/css">table {margin-bottom:10px;border-collapse:collapse;empty-cells:show}th,td {border:1px solid #009;padding:.25em .5em}th {vertical-align:bottom}td {vertical-align:top}table a {font-weight:bold}.stripe td {background-color: #E6EBF9}.num {text-align:right}.passedodd td {background-color: #3F3}.passedeven td {background-color: #0A0}.skippedodd td {background-color: #DDD}.skippedeven td {background-color: #CCC}.failedodd td,.attn {background-color: #F33}.failedeven td,.stripe .attn {background-color: #D00}.stacktrace {white-space:pre;font-family:monospace}.totop {font-size:85%;text-align:center;border-bottom:2px solid #000}.invisible {display:none}</style>
</head>
<body>
<table>
<tr><th>Test</th><th># Passed</th><th># Skipped</th><th># Retried</th><th># Failed</th><th>Time (ms)</th><th>Included Groups</th><th>Excluded Groups</th></tr>
<tr><th colspan="8">eCom Webapp Test Suite</th></tr>
<tr><td><a href="#t0">Amazon Test</a></td><td class="num">9</td><td class="num">0</td><td class="num">0</td><td class="num attn">2</td><td class="num">592,813</td><td></td><td></td></tr>
<tr class="stripe"><td><a href="#t1">Group Test</a></td><td class="num">3</td><td class="num attn">1</td><td class="num">0</td><td class="num attn">1</td><td class="num">408</td><td></td><td></td></tr>
<tr><td><a href="#t2">Other Test</a></td><td class="num">5</td><td class="num">0</td><td class="num">0</td><td class="num">0</td><td class="num">126</td><td></td><td></td></tr>
<tr><th>Total</th><th class="num">17</th><th class="num attn">1</th><th class="num">0</th><th class="num attn">3</th><th class="num">593,347</th><th colspan="2"></th></tr>
</table>
<table id='summary'><thead><tr><th>Class</th><th>Method</th><th>Start</th><th>Time (ms)</th></tr></thead><tbody><tr><th colspan="4">eCom Webapp Test Suite</th></tr></tbody><tbody id="t0"><tr><th colspan="4">Amazon Test &#8212; failed</th></tr><tr class="failedeven"><td rowspan="1">com.phase2.testng.amazon.AmazonLinkVerificationXpathTest</td><td><a href="#m0">xpathLinkTest2</a></td><td rowspan="1">1702897646628</td><td rowspan="1">1234</td></tr><tr class="failedodd"><td rowspan="1">com.phase2.testng.amazon.AmazonSearchTest</td><td><a href="#m1">testSearch2</a></td><td rowspan="1">1702897706253</td><td rowspan="1">4271</td></tr><tr><th colspan="4">Amazon Test &#8212; passed</th></tr><tr class="passedeven"><td rowspan="3">com.phase2.testng.amazon.AmazonHomepageTest</td><td><a href="#m2">testAmazonHomePageSourceUrl</a></td><td rowspan="1">1702897168795</td><td rowspan="1">228</td></tr><tr class="passedeven"><td><a href="#m3">testAmazonHomePageTitle</a></td><td rowspan="1">1702897215373</td><td rowspan="1">58</td></tr><tr class="passedeven"><td><a href="#m4">testAmazonHomePageTitle2</a></td><td rowspan="1">1702897258940</td><td rowspan="1">50</td></tr><tr class="passedodd"><td rowspan="2">com.phase2.testng.amazon.AmazonLinkVerificationCssSelectorTest</td><td><a href="#m5">tdLinkTest1</a></td><td rowspan="1">1702897306224</td><td rowspan="1">12446</td></tr><tr class="passedodd"><td><a href="#m6">tdLinkTest2</a></td><td rowspan="1">1702897387860</td><td rowspan="1">12239</td></tr><tr class="passedeven"><td rowspan="2">com.phase2.testng.amazon.AmazonLinkVerificationTest</td><td><a href="#m7">linkTest1</a></td><td rowspan="1">1702897464849</td><td rowspan="1">7651</td></tr><tr class="passedeven"><td><a href="#m8">linkTest2</a></td><td rowspan="1">1702897532678</td><td rowspan="1">8080</td></tr><tr class="passedodd"><td rowspan="1">com.phase2.testng.amazon.AmazonLinkVerificationXpathTest</td><td><a href="#m9">xpathLinkTest1</a></td><td rowspan="1">1702897589113</td><td rowspan="1">12109</td></tr><tr class="passedeven"><td rowspan="1">com.phase2.testng.amazon.AmazonSearchTest</td><td><a href="#m10">testSearch1</a></td><td rowspan="1">1702897699688</td><td rowspan="1">6550</td></tr></tbody>
<tbody id="t1"><tr><th colspan="4">Group Test &#8212; failed</th></tr><tr class="failedeven"><td rowspan="1">com.phase2.testng.AttributeGroupTest</td><td><a href="#m11">r2</a></td><td rowspan="1">1702897723363</td><td rowspan="1">234</td></tr><tr><th colspan="4">Group Test &#8212; skipped</th></tr><tr class="skippedeven"><td rowspan="1">com.phase2.testng.AttributeGroupTest</td><td><a href="#m12">r3</a></td><td rowspan="1">1702897723639</td><td rowspan="1">0</td></tr><tr><th colspan="4">Group Test &#8212; passed</th></tr><tr class="passedeven"><td rowspan="3">com.phase2.testng.AttributeGroupTest</td><td><a href="#m13">r1</a></td><td rowspan="1">1702897723316</td><td rowspan="1">15</td></tr><tr class="passedeven"><td><a href="#m14">testOne</a></td><td rowspan="1">1702897723669</td><td rowspan="1">0</td></tr><tr class="passedeven"><td><a href="#m15">testTwo</a></td><td rowspan="1">1702897723685</td><td rowspan="1">9</td></tr></tbody>
<tbody id="t2"><tr><th colspan="4">Other Test &#8212; passed</th></tr><tr class="passedeven"><td rowspan="3">com.phase2.testng.AssertionTest</td><td><a href="#m16">hardAssertTest</a></td><td rowspan="1">1702897723815</td><td rowspan="1">0</td></tr><tr class="passedeven"><td><a href="#m17">softAssertTest</a></td><td rowspan="1">1702897723836</td><td rowspan="1">27</td></tr><tr class="passedeven"><td><a href="#m18">testAsserts</a></td><td rowspan="1">1702897723878</td><td rowspan="1">0</td></tr><tr class="passedodd"><td rowspan="2">com.phase2.testng.TestNgStandardAnnotationTest</td><td><a href="#m19">testOne</a></td><td rowspan="1">1702897723768</td><td rowspan="1">15</td></tr><tr class="passedodd"><td><a href="#m20">testTwo</a></td><td rowspan="1">1702897723799</td><td rowspan="1">0</td></tr></tbody>
</table>
<h2>Amazon Test</h2><h3 id="m0">com.phase2.testng.amazon.AmazonLinkVerificationXpathTest#xpathLinkTest2</h3><table class="result"><tr><th>Exception</th></tr><tr><td><div class="stacktrace">org.openqa.selenium.NoSuchElementException: Unable to locate element: /html/body/div[1]/header/div/div[4]/div[2]/div[2]/div/a[5]
For documentation on this error, please visit: https://www.selenium.dev/documentation/webdriver/troubleshooting/errors#no-such-element-exception
Build info: version: &apos;4.16.1&apos;, revision: &apos;9b4c83354e&apos;
System info: os.name: &apos;Windows 11&apos;, os.arch: &apos;amd64&apos;, os.version: &apos;10.0&apos;, java.version: &apos;17.0.5&apos;
Driver info: org.openqa.selenium.firefox.FirefoxDriver
Command: [6fa5097e-2b6a-41a5-bca9-284b632a0b8e, findElement {using=xpath, value=/html/body/div[1]/header/div/div[4]/div[2]/div[2]/div/a[5]}]
Capabilities {acceptInsecureCerts: true, browserName: firefox, browserVersion: 120.0.1, moz:accessibilityChecks: false, moz:buildID: 20231129155202, moz:debuggerAddress: 127.0.0.1:42521, moz:geckodriverVersion: 0.33.0, moz:headless: false, moz:platformVersion: 10.0, moz:processID: 10192, moz:profile: C:\Users\Admin\AppData\Loca..., moz:shutdownTimeout: 60000, moz:webdriverClick: true, moz:windowless: false, pageLoadStrategy: normal, platformName: windows, proxy: Proxy(), se:cdp: ws://127.0.0.1:42521/devtoo..., se:cdpVersion: 85.0, setWindowRect: true, strictFileInteractability: false, timeouts: {implicit: 0, pageLoad: 300000, script: 30000}, unhandledPromptBehavior: dismiss and notify}
Session ID: 6fa5097e-2b6a-41a5-bca9-284b632a0b8e
	at org.openqa.selenium.remote.codec.w3c.W3CHttpResponseCodec.createException(W3CHttpResponseCodec.java:200)
	at org.openqa.selenium.remote.codec.w3c.W3CHttpResponseCodec.decode(W3CHttpResponseCodec.java:133)
	at org.openqa.selenium.remote.codec.w3c.W3CHttpResponseCodec.decode(W3CHttpResponseCodec.java:52)
	at org.openqa.selenium.remote.HttpCommandExecutor.execute(HttpCommandExecutor.java:191)
	at org.openqa.selenium.remote.service.DriverCommandExecutor.invokeExecute(DriverCommandExecutor.java:200)
	at org.openqa.selenium.remote.service.DriverCommandExecutor.execute(DriverCommandExecutor.java:175)
	at org.openqa.selenium.remote.RemoteWebDriver.execute(RemoteWebDriver.java:523)
	at org.openqa.selenium.remote.ElementLocation$ElementFinder$2.findElement(ElementLocation.java:165)
	at org.openqa.selenium.remote.ElementLocation.findElement(ElementLocation.java:59)
	at org.openqa.selenium.remote.RemoteWebDriver.findElement(RemoteWebDriver.java:360)
	at org.openqa.selenium.remote.RemoteWebDriver.findElement(RemoteWebDriver.java:354)
	at com.phase2.testng.amazon.AmazonLinkVerificationXpathTest.xpathLinkTest2(AmazonLinkVerificationXpathTest.java:64)
	at java.base/java.util.ArrayList.forEach(ArrayList.java:1511)
... Removed 32 stack frames</div></td></tr></table><p class="totop"><a href="#summary">back to summary</a></p>
<h3 id="m1">com.phase2.testng.amazon.AmazonSearchTest#testSearch2</h3><table class="result"><tr><th>Exception</th></tr><tr><td><div class="stacktrace">java.lang.AssertionError: expected [Amazon.in : Apple Mac book] but found []
	at com.phase2.testng.amazon.AmazonSearchTest.testSearch2(AmazonSearchTest.java:67)
	at java.base/java.util.ArrayList.forEach(ArrayList.java:1511)
... Removed 33 stack frames</div></td></tr></table><p class="totop"><a href="#summary">back to summary</a></p>
<h3 id="m2">com.phase2.testng.amazon.AmazonHomepageTest#testAmazonHomePageSourceUrl</h3><table class="result"><tr><th class="invisible"/></tr></table><p class="totop"><a href="#summary">back to summary</a></p>
<h3 id="m3">com.phase2.testng.amazon.AmazonHomepageTest#testAmazonHomePageTitle</h3><table class="result"><tr><th class="invisible"/></tr></table><p class="totop"><a href="#summary">back to summary</a></p>
<h3 id="m4">com.phase2.testng.amazon.AmazonHomepageTest#testAmazonHomePageTitle2</h3><table class="result"><tr><th class="invisible"/></tr></table><p class="totop"><a href="#summary">back to summary</a></p>
<h3 id="m5">com.phase2.testng.amazon.AmazonLinkVerificationCssSelectorTest#tdLinkTest1</h3><table class="result"><tr><th class="invisible"/></tr></table><p class="totop"><a href="#summary">back to summary</a></p>
<h3 id="m6">com.phase2.testng.amazon.AmazonLinkVerificationCssSelectorTest#tdLinkTest2</h3><table class="result"><tr><th class="invisible"/></tr></table><p class="totop"><a href="#summary">back to summary</a></p>
<h3 id="m7">com.phase2.testng.amazon.AmazonLinkVerificationTest#linkTest1</h3><table class="result"><tr><th class="invisible"/></tr></table><p class="totop"><a href="#summary">back to summary</a></p>
<h3 id="m8">com.phase2.testng.amazon.AmazonLinkVerificationTest#linkTest2</h3><table class="result"><tr><th class="invisible"/></tr></table><p class="totop"><a href="#summary">back to summary</a></p>
<h3 id="m9">com.phase2.testng.amazon.AmazonLinkVerificationXpathTest#xpathLinkTest1</h3><table class="result"><tr><th class="invisible"/></tr></table><p class="totop"><a href="#summary">back to summary</a></p>
<h3 id="m10">com.phase2.testng.amazon.AmazonSearchTest#testSearch1</h3><table class="result"><tr><th class="invisible"/></tr></table><p class="totop"><a href="#summary">back to summary</a></p>
<h2>Group Test</h2><h3 id="m11">com.phase2.testng.AttributeGroupTest#r2</h3><table class="result"><tr><th>Exception</th></tr><tr><td><div class="stacktrace">org.testng.internal.thread.ThreadTimeoutException: Method com.phase2.testng.AttributeGroupTest.r2() didn&apos;t finish within the time-out 200
	at java.base@17.0.5/java.lang.Thread.sleep(Native Method)
	at app//com.phase2.testng.AttributeGroupTest.r2(AttributeGroupTest.java:42)
	at java.base@17.0.5/java.util.concurrent.FutureTask.run(FutureTask.java:264)
	at java.base@17.0.5/java.util.concurrent.ThreadPoolExecutor.runWorker(ThreadPoolExecutor.java:1136)
	at java.base@17.0.5/java.util.concurrent.ThreadPoolExecutor$Worker.run(ThreadPoolExecutor.java:635)
	at java.base@17.0.5/java.lang.Thread.run(Thread.java:833)
... Removed 8 stack frames</div></td></tr></table><p class="totop"><a href="#summary">back to summary</a></p>
<h3 id="m12">com.phase2.testng.AttributeGroupTest#r3</h3><table class="result"><tr><th>Exception</th></tr><tr><td><div class="stacktrace">java.lang.Throwable: Method AttributeGroupTest.r3()[pri:0, instance:com.phase2.testng.AttributeGroupTest@563f38c4] depends on not successfully finished methods in group &quot;Regression Test&quot;
	at java.base/java.util.ArrayList.forEach(ArrayList.java:1511)
... Removed 18 stack frames</div></td></tr></table><p class="totop"><a href="#summary">back to summary</a></p>
<h3 id="m13">com.phase2.testng.AttributeGroupTest#r1</h3><table class="result"><tr><th class="invisible"/></tr></table><p class="totop"><a href="#summary">back to summary</a></p>
<h3 id="m14">com.phase2.testng.AttributeGroupTest#testOne</h3><table class="result"><tr><th class="invisible"/></tr></table><p class="totop"><a href="#summary">back to summary</a></p>
<h3 id="m15">com.phase2.testng.AttributeGroupTest#testTwo</h3><table class="result"><tr><th class="invisible"/></tr></table><p class="totop"><a href="#summary">back to summary</a></p>
<h2>Other Test</h2><h3 id="m16">com.phase2.testng.AssertionTest#hardAssertTest</h3><table class="result"><tr><th class="invisible"/></tr></table><p class="totop"><a href="#summary">back to summary</a></p>
<h3 id="m17">com.phase2.testng.AssertionTest#softAssertTest</h3><table class="result"><tr><th class="invisible"/></tr></table><p class="totop"><a href="#summary">back to summary</a></p>
<h3 id="m18">com.phase2.testng.AssertionTest#testAsserts</h3><table class="result"><tr><th class="invisible"/></tr></table><p class="totop"><a href="#summary">back to summary</a></p>
<h3 id="m19">com.phase2.testng.TestNgStandardAnnotationTest#testOne</h3><table class="result"><tr><th class="invisible"/></tr></table><p class="totop"><a href="#summary">back to summary</a></p>
<h3 id="m20">com.phase2.testng.TestNgStandardAnnotationTest#testTwo</h3><table class="result"><tr><th class="invisible"/></tr></table><p class="totop"><a href="#summary">back to summary</a></p>
</body>
</html>
