<!DOCTYPE html>

<html>
  <head>
  <meta charset='utf-8'>
  <title>TestNG reports</title>

    <link type="text/css" href="testng-reports1.css" rel="stylesheet" id="ultra" />
    <link type="text/css" href="testng-reports.css" rel="stylesheet" id="retro" disabled="false"/>
    <script type="text/javascript" src="jquery-3.6.0.min.js"></script>
    <script type="text/javascript" src="testng-reports.js"></script>
    <script type="text/javascript" src="https://www.google.com/jsapi"></script>
    <script type='text/javascript'>
      google.load('visualization', '1', {packages:['table']});
      google.setOnLoadCallback(drawTable);
      var suiteTableInitFunctions = new Array();
      var suiteTableData = new Array();
    </script>
    <!--
      <script type="text/javascript" src="jquery-ui/js/jquery-ui-1.8.16.custom.min.js"></script>
     -->
  </head>

  <body>    <div class="top-banner-root">
      <span class="top-banner-title-font">Test results</span>
      <button id="button" class="button">Switch Retro Theme</button> <!-- button -->
      <br/>
      <span class="top-banner-font-1">1 suite, 3 failed tests</span>
    </div> <!-- top-banner-root -->
    <div class="navigator-root">
      <div class="navigator-suite-header">
        <span>All suites</span>
        <a href="#" title="Collapse/expand all the suites" class="collapse-all-link">
          <img src="collapseall.gif" class="collapse-all-icon">
          </img> <!-- collapse-all-icon -->
        </a> <!-- collapse-all-link -->
      </div> <!-- navigator-suite-header -->
      <div class="suite">
        <div class="rounded-window">
          <div class="suite-header light-rounded-window-top">
            <a href="#" panel-name="suite-eCom_Webapp_Test_Suite" class="navigator-link">
              <span class="suite-name border-failed">eCom Webapp Test Suite</span>
            </a> <!-- navigator-link -->
          </div> <!-- suite-header light-rounded-window-top -->
          <div class="navigator-suite-content">
            <div class="suite-section-title">
              <span>Info</span>
            </div> <!-- suite-section-title -->
            <div class="suite-section-content">
              <ul>
                <li>
                  <a href="#" panel-name="test-xml-eCom_Webapp_Test_Suite" class="navigator-link ">
                    <span>C:\Users\Admin\eclipse-workspace\phase2-selenium-testng\TestNg.xml</span>
                  </a> <!-- navigator-link  -->
                </li>
                <li>
                  <a href="#" panel-name="testlist-eCom_Webapp_Test_Suite" class="navigator-link ">
                    <span class="test-stats">3 tests</span>
                  </a> <!-- navigator-link  -->
                </li>
                <li>
                  <a href="#" panel-name="group-eCom_Webapp_Test_Suite" class="navigator-link ">
                    <span>1 group</span>
                  </a> <!-- navigator-link  -->
                </li>
                <li>
                  <a href="#" panel-name="times-eCom_Webapp_Test_Suite" class="navigator-link ">
                    <span>Times</span>
                  </a> <!-- navigator-link  -->
                </li>
                <li>
                  <a href="#" panel-name="reporter-eCom_Webapp_Test_Suite" class="navigator-link ">
                    <span>Reporter output</span>
                  </a> <!-- navigator-link  -->
                </li>
                <li>
                  <a href="#" panel-name="ignored-methods-eCom_Webapp_Test_Suite" class="navigator-link ">
                    <span>Ignored methods</span>
                  </a> <!-- navigator-link  -->
                </li>
                <li>
                  <a href="#" panel-name="chronological-eCom_Webapp_Test_Suite" class="navigator-link ">
                    <span>Chronological view</span>
                  </a> <!-- navigator-link  -->
                </li>
              </ul>
            </div> <!-- suite-section-content -->
            <div class="result-section">
              <div class="suite-section-title">
                <span>Results</span>
              </div> <!-- suite-section-title -->
              <div class="suite-section-content">
                <ul>
                  <li>
                    <span class="method-stats">21 methods, 3 failed,  1 skipped,  17 passed</span>
                  </li>
                  <li>
                    <span class="method-list-title failed">Failed methods</span>
                    <span class="show-or-hide-methods failed">
                      <a href="#" panel-name="suite-eCom_Webapp_Test_Suite" class="hide-methods failed suite-eCom_Webapp_Test_Suite"> (hide)</a> <!-- hide-methods failed suite-eCom_Webapp_Test_Suite -->
                      <a href="#" panel-name="suite-eCom_Webapp_Test_Suite" class="show-methods failed suite-eCom_Webapp_Test_Suite"> (show)</a> <!-- show-methods failed suite-eCom_Webapp_Test_Suite -->
                    </span>
                    <div class="method-list-content failed suite-eCom_Webapp_Test_Suite">
                      <span>
                        <img src="failed.png" width="3%"/>
                        <a href="#" panel-name="suite-eCom_Webapp_Test_Suite" title="com.phase2.testng.AttributeGroupTest" class="method navigator-link" hash-for-method="r2">r2</a> <!-- method navigator-link -->
                      </span>
                      <br/>
                      <span>
                        <img src="failed.png" width="3%"/>
                        <a href="#" panel-name="suite-eCom_Webapp_Test_Suite" title="com.phase2.testng.amazon.AmazonSearchTest" class="method navigator-link" hash-for-method="testSearch2">testSearch2</a> <!-- method navigator-link -->
                      </span>
                      <br/>
                      <span>
                        <img src="failed.png" width="3%"/>
                        <a href="#" panel-name="suite-eCom_Webapp_Test_Suite" title="com.phase2.testng.amazon.AmazonLinkVerificationXpathTest" class="method navigator-link" hash-for-method="xpathLinkTest2">xpathLinkTest2</a> <!-- method navigator-link -->
                      </span>
                      <br/>
                    </div> <!-- method-list-content failed suite-eCom_Webapp_Test_Suite -->
                  </li>
                  <li>
                    <span class="method-list-title skipped">Skipped methods</span>
                    <span class="show-or-hide-methods skipped">
                      <a href="#" panel-name="suite-eCom_Webapp_Test_Suite" class="hide-methods skipped suite-eCom_Webapp_Test_Suite"> (hide)</a> <!-- hide-methods skipped suite-eCom_Webapp_Test_Suite -->
                      <a href="#" panel-name="suite-eCom_Webapp_Test_Suite" class="show-methods skipped suite-eCom_Webapp_Test_Suite"> (show)</a> <!-- show-methods skipped suite-eCom_Webapp_Test_Suite -->
                    </span>
                    <div class="method-list-content skipped suite-eCom_Webapp_Test_Suite">
                      <span>
                        <img src="skipped.png" width="3%"/>
                        <a href="#" panel-name="suite-eCom_Webapp_Test_Suite" title="com.phase2.testng.AttributeGroupTest" class="method navigator-link" hash-for-method="r3">r3</a> <!-- method navigator-link -->
                      </span>
                      <br/>
                    </div> <!-- method-list-content skipped suite-eCom_Webapp_Test_Suite -->
                  </li>
                  <li>
                    <span class="method-list-title passed">Passed methods</span>
                    <span class="show-or-hide-methods passed">
                      <a href="#" panel-name="suite-eCom_Webapp_Test_Suite" class="hide-methods passed suite-eCom_Webapp_Test_Suite"> (hide)</a> <!-- hide-methods passed suite-eCom_Webapp_Test_Suite -->
                      <a href="#" panel-name="suite-eCom_Webapp_Test_Suite" class="show-methods passed suite-eCom_Webapp_Test_Suite"> (show)</a> <!-- show-methods passed suite-eCom_Webapp_Test_Suite -->
                    </span>
                    <div class="method-list-content passed suite-eCom_Webapp_Test_Suite">
                      <span>
                        <img src="passed.png" width="3%"/>
                        <a href="#" panel-name="suite-eCom_Webapp_Test_Suite" title="com.phase2.testng.AssertionTest" class="method navigator-link" hash-for-method="hardAssertTest">hardAssertTest</a> <!-- method navigator-link -->
                      </span>
                      <br/>
                      <span>
                        <img src="passed.png" width="3%"/>
                        <a href="#" panel-name="suite-eCom_Webapp_Test_Suite" title="com.phase2.testng.amazon.AmazonLinkVerificationTest" class="method navigator-link" hash-for-method="linkTest1">linkTest1</a> <!-- method navigator-link -->
                      </span>
                      <br/>
                      <span>
                        <img src="passed.png" width="3%"/>
                        <a href="#" panel-name="suite-eCom_Webapp_Test_Suite" title="com.phase2.testng.amazon.AmazonLinkVerificationTest" class="method navigator-link" hash-for-method="linkTest2">linkTest2</a> <!-- method navigator-link -->
                      </span>
                      <br/>
                      <span>
                        <img src="passed.png" width="3%"/>
                        <a href="#" panel-name="suite-eCom_Webapp_Test_Suite" title="com.phase2.testng.AttributeGroupTest" class="method navigator-link" hash-for-method="r1">r1</a> <!-- method navigator-link -->
                      </span>
                      <br/>
                      <span>
                        <img src="passed.png" width="3%"/>
                        <a href="#" panel-name="suite-eCom_Webapp_Test_Suite" title="com.phase2.testng.AssertionTest" class="method navigator-link" hash-for-method="softAssertTest">softAssertTest</a> <!-- method navigator-link -->
                      </span>
                      <br/>
                      <span>
                        <img src="passed.png" width="3%"/>
                        <a href="#" panel-name="suite-eCom_Webapp_Test_Suite" title="com.phase2.testng.amazon.AmazonLinkVerificationCssSelectorTest" class="method navigator-link" hash-for-method="tdLinkTest1">tdLinkTest1</a> <!-- method navigator-link -->
                      </span>
                      <br/>
                      <span>
                        <img src="passed.png" width="3%"/>
                        <a href="#" panel-name="suite-eCom_Webapp_Test_Suite" title="com.phase2.testng.amazon.AmazonLinkVerificationCssSelectorTest" class="method navigator-link" hash-for-method="tdLinkTest2">tdLinkTest2</a> <!-- method navigator-link -->
                      </span>
                      <br/>
                      <span>
                        <img src="passed.png" width="3%"/>
                        <a href="#" panel-name="suite-eCom_Webapp_Test_Suite" title="com.phase2.testng.amazon.AmazonHomepageTest" class="method navigator-link" hash-for-method="testAmazonHomePageSourceUrl">testAmazonHomePageSourceUrl</a> <!-- method navigator-link -->
                      </span>
                      <br/>
                      <span>
                        <img src="passed.png" width="3%"/>
                        <a href="#" panel-name="suite-eCom_Webapp_Test_Suite" title="com.phase2.testng.amazon.AmazonHomepageTest" class="method navigator-link" hash-for-method="testAmazonHomePageTitle">testAmazonHomePageTitle</a> <!-- method navigator-link -->
                      </span>
                      <br/>
                      <span>
                        <img src="passed.png" width="3%"/>
                        <a href="#" panel-name="suite-eCom_Webapp_Test_Suite" title="com.phase2.testng.amazon.AmazonHomepageTest" class="method navigator-link" hash-for-method="testAmazonHomePageTitle2">testAmazonHomePageTitle2</a> <!-- method navigator-link -->
                      </span>
                      <br/>
                      <span>
                        <img src="passed.png" width="3%"/>
                        <a href="#" panel-name="suite-eCom_Webapp_Test_Suite" title="com.phase2.testng.AssertionTest" class="method navigator-link" hash-for-method="testAsserts">testAsserts</a> <!-- method navigator-link -->
                      </span>
                      <br/>
                      <span>
                        <img src="passed.png" width="3%"/>
                        <a href="#" panel-name="suite-eCom_Webapp_Test_Suite" title="com.phase2.testng.AttributeGroupTest" class="method navigator-link" hash-for-method="testOne">testOne</a> <!-- method navigator-link -->
                      </span>
                      <br/>
                      <span>
                        <img src="passed.png" width="3%"/>
                        <a href="#" panel-name="suite-eCom_Webapp_Test_Suite" title="com.phase2.testng.TestNgStandardAnnotationTest" class="method navigator-link" hash-for-method="testOne">testOne</a> <!-- method navigator-link -->
                      </span>
                      <br/>
                      <span>
                        <img src="passed.png" width="3%"/>
                        <a href="#" panel-name="suite-eCom_Webapp_Test_Suite" title="com.phase2.testng.amazon.AmazonSearchTest" class="method navigator-link" hash-for-method="testSearch1">testSearch1</a> <!-- method navigator-link -->
                      </span>
                      <br/>
                      <span>
                        <img src="passed.png" width="3%"/>
                        <a href="#" panel-name="suite-eCom_Webapp_Test_Suite" title="com.phase2.testng.AttributeGroupTest" class="method navigator-link" hash-for-method="testTwo">testTwo</a> <!-- method navigator-link -->
                      </span>
                      <br/>
                      <span>
                        <img src="passed.png" width="3%"/>
                        <a href="#" panel-name="suite-eCom_Webapp_Test_Suite" title="com.phase2.testng.TestNgStandardAnnotationTest" class="method navigator-link" hash-for-method="testTwo">testTwo</a> <!-- method navigator-link -->
                      </span>
                      <br/>
                      <span>
                        <img src="passed.png" width="3%"/>
                        <a href="#" panel-name="suite-eCom_Webapp_Test_Suite" title="com.phase2.testng.amazon.AmazonLinkVerificationXpathTest" class="method navigator-link" hash-for-method="xpathLinkTest1">xpathLinkTest1</a> <!-- method navigator-link -->
                      </span>
                      <br/>
                    </div> <!-- method-list-content passed suite-eCom_Webapp_Test_Suite -->
                  </li>
                </ul>
              </div> <!-- suite-section-content -->
            </div> <!-- result-section -->
          </div> <!-- navigator-suite-content -->
        </div> <!-- rounded-window -->
      </div> <!-- suite -->
    </div> <!-- navigator-root -->
    <div class="wrapper">
      <div class="main-panel-root">
        <div panel-name="suite-eCom_Webapp_Test_Suite" class="panel eCom_Webapp_Test_Suite">
          <div class="suite-eCom_Webapp_Test_Suite-class-failed">
            <div class="main-panel-header rounded-window-top">
              <img src="failed.png"/>
              <span class="class-name">com.phase2.testng.AttributeGroupTest</span>
            </div> <!-- main-panel-header rounded-window-top -->
            <div class="main-panel-content rounded-window-bottom">
              <div class="method">
                <div class="method-content">
                  <a name="r2">
                  </a> <!-- r2 -->
                  <span class="method-name">r2</span>
                  <div class="stack-trace">org.testng.internal.thread.ThreadTimeoutException: Method com.phase2.testng.AttributeGroupTest.r2() didn&apos;t finish within the time-out 200
	at java.base@17.0.5/java.lang.Thread.sleep(Native Method)
	at app//com.phase2.testng.AttributeGroupTest.r2(AttributeGroupTest.java:42)
	at java.base@17.0.5/java.util.concurrent.FutureTask.run(FutureTask.java:264)
	at java.base@17.0.5/java.util.concurrent.ThreadPoolExecutor.runWorker(ThreadPoolExecutor.java:1136)
	at java.base@17.0.5/java.util.concurrent.ThreadPoolExecutor$Worker.run(ThreadPoolExecutor.java:635)
	at java.base@17.0.5/java.lang.Thread.run(Thread.java:833)
... Removed 8 stack frames
</div> <!-- stack-trace -->
                </div> <!-- method-content -->
              </div> <!-- method -->
            </div> <!-- main-panel-content rounded-window-bottom -->
          </div> <!-- suite-eCom_Webapp_Test_Suite-class-failed -->
          <div class="suite-eCom_Webapp_Test_Suite-class-failed">
            <div class="main-panel-header rounded-window-top">
              <img src="failed.png"/>
              <span class="class-name">com.phase2.testng.amazon.AmazonSearchTest</span>
            </div> <!-- main-panel-header rounded-window-top -->
            <div class="main-panel-content rounded-window-bottom">
              <div class="method">
                <div class="method-content">
                  <a name="testSearch2">
                  </a> <!-- testSearch2 -->
                  <span class="method-name">testSearch2</span>
                  <div class="stack-trace">java.lang.AssertionError: expected [Amazon.in : Apple Mac book] but found []
	at com.phase2.testng.amazon.AmazonSearchTest.testSearch2(AmazonSearchTest.java:67)
	at java.base/java.util.ArrayList.forEach(ArrayList.java:1511)
... Removed 33 stack frames
</div> <!-- stack-trace -->
                  <em>
(Search Iphone 15 pro max)                  </em>
                </div> <!-- method-content -->
              </div> <!-- method -->
            </div> <!-- main-panel-content rounded-window-bottom -->
          </div> <!-- suite-eCom_Webapp_Test_Suite-class-failed -->
          <div class="suite-eCom_Webapp_Test_Suite-class-failed">
            <div class="main-panel-header rounded-window-top">
              <img src="failed.png"/>
              <span class="class-name">com.phase2.testng.amazon.AmazonLinkVerificationXpathTest</span>
            </div> <!-- main-panel-header rounded-window-top -->
            <div class="main-panel-content rounded-window-bottom">
              <div class="method">
                <div class="method-content">
                  <a name="xpathLinkTest2">
                  </a> <!-- xpathLinkTest2 -->
                  <span class="method-name">xpathLinkTest2</span>
                  <div class="stack-trace">org.openqa.selenium.NoSuchElementException: Unable to locate element: /html/body/div[1]/header/div/div[4]/div[2]/div[2]/div/a[5]
For documentation on this error, please visit: https://www.selenium.dev/documentation/webdriver/troubleshooting/errors#no-such-element-exception
Build info: version: &apos;4.16.1&apos;, revision: &apos;9b4c83354e&apos;
System info: os.name: &apos;Windows 11&apos;, os.arch: &apos;amd64&apos;, os.version: &apos;10.0&apos;, java.version: &apos;17.0.5&apos;
Driver info: org.openqa.selenium.firefox.FirefoxDriver
Command: [6fa5097e-2b6a-41a5-bca9-284b632a0b8e, findElement {using=xpath, value=/html/body/div[1]/header/div/div[4]/div[2]/div[2]/div/a[5]}]
Capabilities {acceptInsecureCerts: true, browserName: firefox, browserVersion: 120.0.1, moz:accessibilityChecks: false, moz:buildID: 20231129155202, moz:debuggerAddress: 127.0.0.1:42521, moz:geckodriverVersion: 0.33.0, moz:headless: false, moz:platformVersion: 10.0, moz:processID: 10192, moz:profile: C:\Users\Admin\AppData\Loca..., moz:shutdownTimeout: 60000, moz:webdriverClick: true, moz:windowless: false, pageLoadStrategy: normal, platformName: windows, proxy: Proxy(), se:cdp: ws://127.0.0.1:42521/devtoo..., se:cdpVersion: 85.0, setWindowRect: true, strictFileInteractability: false, timeouts: {implicit: 0, pageLoad: 300000, script: 30000}, unhandledPromptBehavior: dismiss and notify}
Session ID: 6fa5097e-2b6a-41a5-bca9-284b632a0b8e
	at org.openqa.selenium.remote.codec.w3c.W3CHttpResponseCodec.createException(W3CHttpResponseCodec.java:200)
	at org.openqa.selenium.remote.codec.w3c.W3CHttpResponseCodec.decode(W3CHttpResponseCodec.java:133)
	at org.openqa.selenium.remote.codec.w3c.W3CHttpResponseCodec.decode(W3CHttpResponseCodec.java:52)
	at org.openqa.selenium.remote.HttpCommandExecutor.execute(HttpCommandExecutor.java:191)
	at org.openqa.selenium.remote.service.DriverCommandExecutor.invokeExecute(DriverCommandExecutor.java:200)
	at org.openqa.selenium.remote.service.DriverCommandExecutor.execute(DriverCommandExecutor.java:175)
	at org.openqa.selenium.remote.RemoteWebDriver.execute(RemoteWebDriver.java:523)
	at org.openqa.selenium.remote.ElementLocation$ElementFinder$2.findElement(ElementLocation.java:165)
	at org.openqa.selenium.remote.ElementLocation.findElement(ElementLocation.java:59)
	at org.openqa.selenium.remote.RemoteWebDriver.findElement(RemoteWebDriver.java:360)
	at org.openqa.selenium.remote.RemoteWebDriver.findElement(RemoteWebDriver.java:354)
	at com.phase2.testng.amazon.AmazonLinkVerificationXpathTest.xpathLinkTest2(AmazonLinkVerificationXpathTest.java:64)
	at java.base/java.util.ArrayList.forEach(ArrayList.java:1511)
... Removed 32 stack frames
</div> <!-- stack-trace -->
                  <em>
(Test Today deals Title Match)                  </em>
                </div> <!-- method-content -->
              </div> <!-- method -->
            </div> <!-- main-panel-content rounded-window-bottom -->
          </div> <!-- suite-eCom_Webapp_Test_Suite-class-failed -->
          <div class="suite-eCom_Webapp_Test_Suite-class-skipped">
            <div class="main-panel-header rounded-window-top">
              <img src="skipped.png"/>
              <span class="class-name">com.phase2.testng.AttributeGroupTest</span>
            </div> <!-- main-panel-header rounded-window-top -->
            <div class="main-panel-content rounded-window-bottom">
              <div class="method">
                <div class="method-content">
                  <a name="r3">
                  </a> <!-- r3 -->
                  <span class="method-name">r3</span>
                  <div class="stack-trace">java.lang.Throwable: Method AttributeGroupTest.r3()[pri:0, instance:com.phase2.testng.AttributeGroupTest@563f38c4] depends on not successfully finished methods in group &quot;Regression Test&quot;
	at java.base/java.util.ArrayList.forEach(ArrayList.java:1511)
... Removed 18 stack frames
</div> <!-- stack-trace -->
                </div> <!-- method-content -->
              </div> <!-- method -->
            </div> <!-- main-panel-content rounded-window-bottom -->
          </div> <!-- suite-eCom_Webapp_Test_Suite-class-skipped -->
          <div class="suite-eCom_Webapp_Test_Suite-class-passed">
            <div class="main-panel-header rounded-window-top">
              <img src="passed.png"/>
              <span class="class-name">com.phase2.testng.AttributeGroupTest</span>
            </div> <!-- main-panel-header rounded-window-top -->
            <div class="main-panel-content rounded-window-bottom">
              <div class="method">
                <div class="method-content">
                  <a name="r1">
                  </a> <!-- r1 -->
                  <span class="method-name">r1</span>
                </div> <!-- method-content -->
              </div> <!-- method -->
              <div class="method">
                <div class="method-content">
                  <a name="testOne">
                  </a> <!-- testOne -->
                  <span class="method-name">testOne</span>
                  <em>
(The sample Test One)                  </em>
                </div> <!-- method-content -->
              </div> <!-- method -->
              <div class="method">
                <div class="method-content">
                  <a name="testTwo">
                  </a> <!-- testTwo -->
                  <span class="method-name">testTwo</span>
                  <em>
(The sample Test Two)                  </em>
                </div> <!-- method-content -->
              </div> <!-- method -->
            </div> <!-- main-panel-content rounded-window-bottom -->
          </div> <!-- suite-eCom_Webapp_Test_Suite-class-passed -->
          <div class="suite-eCom_Webapp_Test_Suite-class-passed">
            <div class="main-panel-header rounded-window-top">
              <img src="passed.png"/>
              <span class="class-name">com.phase2.testng.amazon.AmazonSearchTest</span>
            </div> <!-- main-panel-header rounded-window-top -->
            <div class="main-panel-content rounded-window-bottom">
              <div class="method">
                <div class="method-content">
                  <a name="testSearch1">
                  </a> <!-- testSearch1 -->
                  <span class="method-name">testSearch1</span>
                  <em>
(Search Iphone 15 pro max)                  </em>
                </div> <!-- method-content -->
              </div> <!-- method -->
            </div> <!-- main-panel-content rounded-window-bottom -->
          </div> <!-- suite-eCom_Webapp_Test_Suite-class-passed -->
          <div class="suite-eCom_Webapp_Test_Suite-class-passed">
            <div class="main-panel-header rounded-window-top">
              <img src="passed.png"/>
              <span class="class-name">com.phase2.testng.amazon.AmazonHomepageTest</span>
            </div> <!-- main-panel-header rounded-window-top -->
            <div class="main-panel-content rounded-window-bottom">
              <div class="method">
                <div class="method-content">
                  <a name="testAmazonHomePageSourceUrl">
                  </a> <!-- testAmazonHomePageSourceUrl -->
                  <span class="method-name">testAmazonHomePageSourceUrl</span>
                  <em>
(Test Amazon Home Page Source Url)                  </em>
                </div> <!-- method-content -->
              </div> <!-- method -->
              <div class="method">
                <div class="method-content">
                  <a name="testAmazonHomePageTitle">
                  </a> <!-- testAmazonHomePageTitle -->
                  <span class="method-name">testAmazonHomePageTitle</span>
                  <em>
(Test Amazon Home Page Title Match)                  </em>
                </div> <!-- method-content -->
              </div> <!-- method -->
              <div class="method">
                <div class="method-content">
                  <a name="testAmazonHomePageTitle2">
                  </a> <!-- testAmazonHomePageTitle2 -->
                  <span class="method-name">testAmazonHomePageTitle2</span>
                  <em>
(Test Amazon Home Page Title Invalid Match)                  </em>
                </div> <!-- method-content -->
              </div> <!-- method -->
            </div> <!-- main-panel-content rounded-window-bottom -->
          </div> <!-- suite-eCom_Webapp_Test_Suite-class-passed -->
          <div class="suite-eCom_Webapp_Test_Suite-class-passed">
            <div class="main-panel-header rounded-window-top">
              <img src="passed.png"/>
              <span class="class-name">com.phase2.testng.amazon.AmazonLinkVerificationXpathTest</span>
            </div> <!-- main-panel-header rounded-window-top -->
            <div class="main-panel-content rounded-window-bottom">
              <div class="method">
                <div class="method-content">
                  <a name="xpathLinkTest1">
                  </a> <!-- xpathLinkTest1 -->
                  <span class="method-name">xpathLinkTest1</span>
                  <em>
(Test Amazon Mobile Phones Title Match)                  </em>
                </div> <!-- method-content -->
              </div> <!-- method -->
            </div> <!-- main-panel-content rounded-window-bottom -->
          </div> <!-- suite-eCom_Webapp_Test_Suite-class-passed -->
          <div class="suite-eCom_Webapp_Test_Suite-class-passed">
            <div class="main-panel-header rounded-window-top">
              <img src="passed.png"/>
              <span class="class-name">com.phase2.testng.TestNgStandardAnnotationTest</span>
            </div> <!-- main-panel-header rounded-window-top -->
            <div class="main-panel-content rounded-window-bottom">
              <div class="method">
                <div class="method-content">
                  <a name="testOne">
                  </a> <!-- testOne -->
                  <span class="method-name">testOne</span>
                </div> <!-- method-content -->
              </div> <!-- method -->
              <div class="method">
                <div class="method-content">
                  <a name="testTwo">
                  </a> <!-- testTwo -->
                  <span class="method-name">testTwo</span>
                </div> <!-- method-content -->
              </div> <!-- method -->
            </div> <!-- main-panel-content rounded-window-bottom -->
          </div> <!-- suite-eCom_Webapp_Test_Suite-class-passed -->
          <div class="suite-eCom_Webapp_Test_Suite-class-passed">
            <div class="main-panel-header rounded-window-top">
              <img src="passed.png"/>
              <span class="class-name">com.phase2.testng.amazon.AmazonLinkVerificationTest</span>
            </div> <!-- main-panel-header rounded-window-top -->
            <div class="main-panel-content rounded-window-bottom">
              <div class="method">
                <div class="method-content">
                  <a name="linkTest1">
                  </a> <!-- linkTest1 -->
                  <span class="method-name">linkTest1</span>
                  <em>
(Test Amazon Mobile Phones Title Match)                  </em>
                </div> <!-- method-content -->
              </div> <!-- method -->
              <div class="method">
                <div class="method-content">
                  <a name="linkTest2">
                  </a> <!-- linkTest2 -->
                  <span class="method-name">linkTest2</span>
                  <em>
(Verify the Todays deals link)                  </em>
                </div> <!-- method-content -->
              </div> <!-- method -->
            </div> <!-- main-panel-content rounded-window-bottom -->
          </div> <!-- suite-eCom_Webapp_Test_Suite-class-passed -->
          <div class="suite-eCom_Webapp_Test_Suite-class-passed">
            <div class="main-panel-header rounded-window-top">
              <img src="passed.png"/>
              <span class="class-name">com.phase2.testng.AssertionTest</span>
            </div> <!-- main-panel-header rounded-window-top -->
            <div class="main-panel-content rounded-window-bottom">
              <div class="method">
                <div class="method-content">
                  <a name="hardAssertTest">
                  </a> <!-- hardAssertTest -->
                  <span class="method-name">hardAssertTest</span>
                  <em>
(Hard Assert method Test)                  </em>
                </div> <!-- method-content -->
              </div> <!-- method -->
              <div class="method">
                <div class="method-content">
                  <a name="softAssertTest">
                  </a> <!-- softAssertTest -->
                  <span class="method-name">softAssertTest</span>
                  <em>
(Soft Assert method Test)                  </em>
                </div> <!-- method-content -->
              </div> <!-- method -->
              <div class="method">
                <div class="method-content">
                  <a name="testAsserts">
                  </a> <!-- testAsserts -->
                  <span class="method-name">testAsserts</span>
                </div> <!-- method-content -->
              </div> <!-- method -->
            </div> <!-- main-panel-content rounded-window-bottom -->
          </div> <!-- suite-eCom_Webapp_Test_Suite-class-passed -->
          <div class="suite-eCom_Webapp_Test_Suite-class-passed">
            <div class="main-panel-header rounded-window-top">
              <img src="passed.png"/>
              <span class="class-name">com.phase2.testng.amazon.AmazonLinkVerificationCssSelectorTest</span>
            </div> <!-- main-panel-header rounded-window-top -->
            <div class="main-panel-content rounded-window-bottom">
              <div class="method">
                <div class="method-content">
                  <a name="tdLinkTest1">
                  </a> <!-- tdLinkTest1 -->
                  <span class="method-name">tdLinkTest1</span>
                  <em>
(Test Amazon Mobile Phones Title Match)                  </em>
                </div> <!-- method-content -->
              </div> <!-- method -->
              <div class="method">
                <div class="method-content">
                  <a name="tdLinkTest2">
                  </a> <!-- tdLinkTest2 -->
                  <span class="method-name">tdLinkTest2</span>
                  <em>
(Test Amazon Mobile Phones Title Match)                  </em>
                </div> <!-- method-content -->
              </div> <!-- method -->
            </div> <!-- main-panel-content rounded-window-bottom -->
          </div> <!-- suite-eCom_Webapp_Test_Suite-class-passed -->
        </div> <!-- panel eCom_Webapp_Test_Suite -->
        <div panel-name="test-xml-eCom_Webapp_Test_Suite" class="panel">
          <div class="main-panel-header rounded-window-top">
            <span class="header-content">C:\Users\Admin\eclipse-workspace\phase2-selenium-testng\TestNg.xml</span>
          </div> <!-- main-panel-header rounded-window-top -->
          <div class="main-panel-content rounded-window-bottom">
            <pre>
&lt;?xml version=&quot;1.0&quot; encoding=&quot;UTF-8&quot;?&gt;
&lt;!DOCTYPE suite SYSTEM &quot;https://testng.org/testng-1.0.dtd&quot;&gt;
&lt;suite name=&quot;eCom Webapp Test Suite&quot;&gt;
  &lt;test thread-count=&quot;5&quot; name=&quot;Amazon Test&quot;&gt;
    &lt;classes&gt;
      &lt;class name=&quot;com.phase2.testng.amazon.AmazonHomepageTest&quot;/&gt;
      &lt;class name=&quot;com.phase2.testng.amazon.AmazonLinkVerificationCssSelectorTest&quot;/&gt;
      &lt;class name=&quot;com.phase2.testng.amazon.AmazonLinkVerificationTest&quot;/&gt;
      &lt;class name=&quot;com.phase2.testng.amazon.AmazonLinkVerificationXpathTest&quot;/&gt;
      &lt;class name=&quot;com.phase2.testng.amazon.AmazonSearchTest&quot;/&gt;
    &lt;/classes&gt;
  &lt;/test&gt; &lt;!-- Amazon Test --&gt;
  &lt;test thread-count=&quot;5&quot; name=&quot;Group Test&quot;&gt;
    &lt;classes&gt;
      &lt;class name=&quot;com.phase2.testng.AttributeGroupTest&quot;/&gt;
    &lt;/classes&gt;
  &lt;/test&gt; &lt;!-- Group Test --&gt;
  &lt;test thread-count=&quot;5&quot; name=&quot;Other Test&quot;&gt;
    &lt;classes&gt;
      &lt;class name=&quot;com.phase2.testng.TestNgStandardAnnotationTest&quot;/&gt;
      &lt;class name=&quot;com.phase2.testng.AssertionTest&quot;/&gt;
    &lt;/classes&gt;
  &lt;/test&gt; &lt;!-- Other Test --&gt;
&lt;/suite&gt; &lt;!-- eCom Webapp Test Suite --&gt;
            </pre>
          </div> <!-- main-panel-content rounded-window-bottom -->
        </div> <!-- panel -->
        <div panel-name="testlist-eCom_Webapp_Test_Suite" class="panel">
          <div class="main-panel-header rounded-window-top">
            <span class="header-content">Tests for eCom Webapp Test Suite</span>
          </div> <!-- main-panel-header rounded-window-top -->
          <div class="main-panel-content rounded-window-bottom">
            <ul>
              <li>
                <span class="test-name">Amazon Test (5 classes)</span>
              </li>
              <li>
                <span class="test-name">Group Test (1 class)</span>
              </li>
              <li>
                <span class="test-name">Other Test (2 classes)</span>
              </li>
            </ul>
          </div> <!-- main-panel-content rounded-window-bottom -->
        </div> <!-- panel -->
        <div panel-name="group-eCom_Webapp_Test_Suite" class="panel">
          <div class="main-panel-header rounded-window-top">
            <span class="header-content">Groups for eCom Webapp Test Suite</span>
          </div> <!-- main-panel-header rounded-window-top -->
          <div class="main-panel-content rounded-window-bottom">
            <div class="test-group">
              <span class="test-group-name">Regression Test</span>
              <br/>
              <div class="method-in-group">
                <span class="method-in-group-name">r1</span>
                <br/>
              </div> <!-- method-in-group -->
              <div class="method-in-group">
                <span class="method-in-group-name">r2</span>
                <br/>
              </div> <!-- method-in-group -->
              <div class="method-in-group">
                <span class="method-in-group-name">r3</span>
                <br/>
              </div> <!-- method-in-group -->
            </div> <!-- test-group -->
          </div> <!-- main-panel-content rounded-window-bottom -->
        </div> <!-- panel -->
        <div panel-name="times-eCom_Webapp_Test_Suite" class="panel">
          <div class="main-panel-header rounded-window-top">
            <span class="header-content">Times for eCom Webapp Test Suite</span>
          </div> <!-- main-panel-header rounded-window-top -->
          <div class="main-panel-content rounded-window-bottom">
            <div class="times-div">
              <script type="text/javascript">
suiteTableInitFunctions.push('tableData_eCom_Webapp_Test_Suite');
function tableData_eCom_Webapp_Test_Suite() {
var data = new google.visualization.DataTable();
data.addColumn('number', 'Number');
data.addColumn('string', 'Method');
data.addColumn('string', 'Class');
data.addColumn('number', 'Time (ms)');
data.addRows(21);
data.setCell(0, 0, 0)
data.setCell(0, 1, 'tdLinkTest1')
data.setCell(0, 2, 'com.phase2.testng.amazon.AmazonLinkVerificationCssSelectorTest')
data.setCell(0, 3, 12446);
data.setCell(1, 0, 1)
data.setCell(1, 1, 'tdLinkTest2')
data.setCell(1, 2, 'com.phase2.testng.amazon.AmazonLinkVerificationCssSelectorTest')
data.setCell(1, 3, 12239);
data.setCell(2, 0, 2)
data.setCell(2, 1, 'xpathLinkTest1')
data.setCell(2, 2, 'com.phase2.testng.amazon.AmazonLinkVerificationXpathTest')
data.setCell(2, 3, 12109);
data.setCell(3, 0, 3)
data.setCell(3, 1, 'linkTest2')
data.setCell(3, 2, 'com.phase2.testng.amazon.AmazonLinkVerificationTest')
data.setCell(3, 3, 8080);
data.setCell(4, 0, 4)
data.setCell(4, 1, 'linkTest1')
data.setCell(4, 2, 'com.phase2.testng.amazon.AmazonLinkVerificationTest')
data.setCell(4, 3, 7651);
data.setCell(5, 0, 5)
data.setCell(5, 1, 'testSearch1')
data.setCell(5, 2, 'com.phase2.testng.amazon.AmazonSearchTest')
data.setCell(5, 3, 6550);
data.setCell(6, 0, 6)
data.setCell(6, 1, 'testSearch2')
data.setCell(6, 2, 'com.phase2.testng.amazon.AmazonSearchTest')
data.setCell(6, 3, 4271);
data.setCell(7, 0, 7)
data.setCell(7, 1, 'xpathLinkTest2')
data.setCell(7, 2, 'com.phase2.testng.amazon.AmazonLinkVerificationXpathTest')
data.setCell(7, 3, 1234);
data.setCell(8, 0, 8)
data.setCell(8, 1, 'r2')
data.setCell(8, 2, 'com.phase2.testng.AttributeGroupTest')
data.setCell(8, 3, 234);
data.setCell(9, 0, 9)
data.setCell(9, 1, 'testAmazonHomePageSourceUrl')
data.setCell(9, 2, 'com.phase2.testng.amazon.AmazonHomepageTest')
data.setCell(9, 3, 228);
data.setCell(10, 0, 10)
data.setCell(10, 1, 'testAmazonHomePageTitle')
data.setCell(10, 2, 'com.phase2.testng.amazon.AmazonHomepageTest')
data.setCell(10, 3, 58);
data.setCell(11, 0, 11)
data.setCell(11, 1, 'testAmazonHomePageTitle2')
data.setCell(11, 2, 'com.phase2.testng.amazon.AmazonHomepageTest')
data.setCell(11, 3, 50);
data.setCell(12, 0, 12)
data.setCell(12, 1, 'softAssertTest')
data.setCell(12, 2, 'com.phase2.testng.AssertionTest')
data.setCell(12, 3, 27);
data.setCell(13, 0, 13)
data.setCell(13, 1, 'r1')
data.setCell(13, 2, 'com.phase2.testng.AttributeGroupTest')
data.setCell(13, 3, 15);
data.setCell(14, 0, 14)
data.setCell(14, 1, 'testOne')
data.setCell(14, 2, 'com.phase2.testng.TestNgStandardAnnotationTest')
data.setCell(14, 3, 15);
data.setCell(15, 0, 15)
data.setCell(15, 1, 'testTwo')
data.setCell(15, 2, 'com.phase2.testng.AttributeGroupTest')
data.setCell(15, 3, 9);
data.setCell(16, 0, 16)
data.setCell(16, 1, 'testOne')
data.setCell(16, 2, 'com.phase2.testng.AttributeGroupTest')
data.setCell(16, 3, 0);
data.setCell(17, 0, 17)
data.setCell(17, 1, 'r3')
data.setCell(17, 2, 'com.phase2.testng.AttributeGroupTest')
data.setCell(17, 3, 0);
data.setCell(18, 0, 18)
data.setCell(18, 1, 'testTwo')
data.setCell(18, 2, 'com.phase2.testng.TestNgStandardAnnotationTest')
data.setCell(18, 3, 0);
data.setCell(19, 0, 19)
data.setCell(19, 1, 'hardAssertTest')
data.setCell(19, 2, 'com.phase2.testng.AssertionTest')
data.setCell(19, 3, 0);
data.setCell(20, 0, 20)
data.setCell(20, 1, 'testAsserts')
data.setCell(20, 2, 'com.phase2.testng.AssertionTest')
data.setCell(20, 3, 0);
window.suiteTableData['eCom_Webapp_Test_Suite']= { tableData: data, tableDiv: 'times-div-eCom_Webapp_Test_Suite'}
return data;
}
              </script>
              <span class="suite-total-time">Total running time: 1 minutes</span>
              <div id="times-div-eCom_Webapp_Test_Suite">
              </div> <!-- times-div-eCom_Webapp_Test_Suite -->
            </div> <!-- times-div -->
          </div> <!-- main-panel-content rounded-window-bottom -->
        </div> <!-- panel -->
        <div panel-name="reporter-eCom_Webapp_Test_Suite" class="panel">
          <div class="main-panel-header rounded-window-top">
            <span class="header-content">Reporter output for eCom Webapp Test Suite</span>
          </div> <!-- main-panel-header rounded-window-top -->
          <div class="main-panel-content rounded-window-bottom">
          </div> <!-- main-panel-content rounded-window-bottom -->
        </div> <!-- panel -->
        <div panel-name="ignored-methods-eCom_Webapp_Test_Suite" class="panel">
          <div class="main-panel-header rounded-window-top">
            <span class="header-content">2 ignored methods</span>
          </div> <!-- main-panel-header rounded-window-top -->
          <div class="main-panel-content rounded-window-bottom">
            <div class="ignored-class-div">
              <span class="ignored-class-name">com.phase2.testng.AttributeGroupTest</span>
              <div class="ignored-methods-div">
                <span class="ignored-method-name">testThree</span>
                <br/>
              </div> <!-- ignored-methods-div -->
            </div> <!-- ignored-class-div -->
            <div class="ignored-class-div">
              <span class="ignored-class-name">com.phase2.testng.TestNgStandardAnnotationTest</span>
              <div class="ignored-methods-div">
                <span class="ignored-method-name">testThree</span>
                <br/>
              </div> <!-- ignored-methods-div -->
            </div> <!-- ignored-class-div -->
          </div> <!-- main-panel-content rounded-window-bottom -->
        </div> <!-- panel -->
        <div panel-name="chronological-eCom_Webapp_Test_Suite" class="panel">
          <div class="main-panel-header rounded-window-top">
            <span class="header-content">Methods in chronological order</span>
          </div> <!-- main-panel-header rounded-window-top -->
          <div class="main-panel-content rounded-window-bottom">
            <div class="chronological-class">
              <div class="chronological-class-name">com.phase2.testng.TestNgStandardAnnotationTest</div> <!-- chronological-class-name -->
              <div class="configuration-suite before">
                <span class="method-name">setupBeforeTestSuite</span>
                <span class="method-start">0 ms</span>
              </div> <!-- configuration-suite before -->
            </div> <!-- chronological-class -->
            <div class="chronological-class">
              <div class="chronological-class-name">com.phase2.testng.amazon.AmazonHomepageTest</div> <!-- chronological-class-name -->
              <div class="configuration-method before">
                <span class="method-name">setUp</span>
                <span class="method-start">370 ms</span>
              </div> <!-- configuration-method before -->
              <div class="test-method">
                <span class="method-name">testAmazonHomePageSourceUrl</span>
                <span class="method-start">38769 ms</span>
              </div> <!-- test-method -->
              <div class="configuration-method after">
                <span class="method-name">cleanUp</span>
                <span class="method-start">39042 ms</span>
              </div> <!-- configuration-method after -->
              <div class="configuration-method before">
                <span class="method-name">setUp</span>
                <span class="method-start">52064 ms</span>
              </div> <!-- configuration-method before -->
              <div class="test-method">
                <span class="method-name">testAmazonHomePageTitle</span>
                <span class="method-start">85347 ms</span>
              </div> <!-- test-method -->
              <div class="configuration-method after">
                <span class="method-name">cleanUp</span>
                <span class="method-start">85417 ms</span>
              </div> <!-- configuration-method after -->
              <div class="configuration-method before">
                <span class="method-name">setUp</span>
                <span class="method-start">97049 ms</span>
              </div> <!-- configuration-method before -->
              <div class="test-method">
                <span class="method-name">testAmazonHomePageTitle2</span>
                <span class="method-start">128914 ms</span>
              </div> <!-- test-method -->
              <div class="configuration-method after">
                <span class="method-name">cleanUp</span>
                <span class="method-start">128978 ms</span>
              </div> <!-- configuration-method after -->
            </div> <!-- chronological-class -->
            <div class="chronological-class">
              <div class="chronological-class-name">com.phase2.testng.amazon.AmazonLinkVerificationCssSelectorTest</div> <!-- chronological-class-name -->
              <div class="configuration-method before">
                <span class="method-name">setUp</span>
                <span class="method-start">140986 ms</span>
              </div> <!-- configuration-method before -->
              <div class="test-method">
                <span class="method-name">tdLinkTest1</span>
                <span class="method-start">176198 ms</span>
              </div> <!-- test-method -->
              <div class="configuration-method after">
                <span class="method-name">cleanUp</span>
                <span class="method-start">188657 ms</span>
              </div> <!-- configuration-method after -->
              <div class="configuration-method before">
                <span class="method-name">setUp</span>
                <span class="method-start">202496 ms</span>
              </div> <!-- configuration-method before -->
              <div class="test-method">
                <span class="method-name">tdLinkTest2</span>
                <span class="method-start">257834 ms</span>
              </div> <!-- test-method -->
              <div class="configuration-method after">
                <span class="method-name">cleanUp</span>
                <span class="method-start">270084 ms</span>
              </div> <!-- configuration-method after -->
            </div> <!-- chronological-class -->
            <div class="chronological-class">
              <div class="chronological-class-name">com.phase2.testng.amazon.AmazonLinkVerificationTest</div> <!-- chronological-class-name -->
              <div class="configuration-method before">
                <span class="method-name">setUp</span>
                <span class="method-start">288845 ms</span>
              </div> <!-- configuration-method before -->
              <div class="test-method">
                <span class="method-name">linkTest1</span>
                <span class="method-start">334823 ms</span>
              </div> <!-- test-method -->
              <div class="configuration-method after">
                <span class="method-name">cleanUp</span>
                <span class="method-start">342487 ms</span>
              </div> <!-- configuration-method after -->
              <div class="configuration-method before">
                <span class="method-name">setUp</span>
                <span class="method-start">359264 ms</span>
              </div> <!-- configuration-method before -->
              <div class="test-method">
                <span class="method-name">linkTest2</span>
                <span class="method-start">402652 ms</span>
              </div> <!-- test-method -->
              <div class="configuration-method after">
                <span class="method-name">cleanUp</span>
                <span class="method-start">410741 ms</span>
              </div> <!-- configuration-method after -->
            </div> <!-- chronological-class -->
            <div class="chronological-class">
              <div class="chronological-class-name">com.phase2.testng.amazon.AmazonLinkVerificationXpathTest</div> <!-- chronological-class-name -->
              <div class="configuration-method before">
                <span class="method-name">setUp</span>
                <span class="method-start">425186 ms</span>
              </div> <!-- configuration-method before -->
              <div class="test-method">
                <span class="method-name">xpathLinkTest1</span>
                <span class="method-start">459087 ms</span>
              </div> <!-- test-method -->
              <div class="configuration-method after">
                <span class="method-name">cleanUp</span>
                <span class="method-start">471218 ms</span>
              </div> <!-- configuration-method after -->
              <div class="configuration-method before">
                <span class="method-name">setUp</span>
                <span class="method-start">484086 ms</span>
              </div> <!-- configuration-method before -->
              <div class="test-method">
                <img src="failed.png">
                </img>
                <span class="method-name">xpathLinkTest2</span>
                <span class="method-start">516602 ms</span>
              </div> <!-- test-method -->
              <div class="configuration-method after">
                <span class="method-name">cleanUp</span>
                <span class="method-start">517867 ms</span>
              </div> <!-- configuration-method after -->
            </div> <!-- chronological-class -->
            <div class="chronological-class">
              <div class="chronological-class-name">com.phase2.testng.amazon.AmazonSearchTest</div> <!-- chronological-class-name -->
              <div class="configuration-class before">
                <span class="method-name">beforeClass</span>
                <span class="method-start">528899 ms</span>
              </div> <!-- configuration-class before -->
              <div class="test-method">
                <span class="method-name">testSearch1</span>
                <span class="method-start">569662 ms</span>
              </div> <!-- test-method -->
              <div class="test-method">
                <img src="failed.png">
                </img>
                <span class="method-name">testSearch2</span>
                <span class="method-start">576227 ms</span>
              </div> <!-- test-method -->
              <div class="configuration-class after">
                <span class="method-name">afterClass</span>
                <span class="method-start">580524 ms</span>
              </div> <!-- configuration-class after -->
            </div> <!-- chronological-class -->
            <div class="chronological-class">
              <div class="chronological-class-name">com.phase2.testng.AttributeGroupTest</div> <!-- chronological-class-name -->
              <div class="test-method">
                <span class="method-name">r1</span>
                <span class="method-start">593290 ms</span>
              </div> <!-- test-method -->
              <div class="test-method">
                <img src="failed.png">
                </img>
                <span class="method-name">r2</span>
                <span class="method-start">593337 ms</span>
              </div> <!-- test-method -->
              <div class="test-method">
                <span class="method-name">testOne</span>
                <span class="method-start">593643 ms</span>
              </div> <!-- test-method -->
              <div class="test-method">
                <span class="method-name">testTwo</span>
                <span class="method-start">593659 ms</span>
              </div> <!-- test-method -->
            </div> <!-- chronological-class -->
            <div class="chronological-class">
              <div class="chronological-class-name">com.phase2.testng.TestNgStandardAnnotationTest</div> <!-- chronological-class-name -->
              <div class="configuration-method before">
                <span class="method-name">setupBeforeTestMethod</span>
                <span class="method-start">593742 ms</span>
              </div> <!-- configuration-method before -->
              <div class="configuration-class before">
                <span class="method-name">setupBeforeClass</span>
                <span class="method-start">593742 ms</span>
              </div> <!-- configuration-class before -->
              <div class="test-method">
                <span class="method-name">testOne</span>
                <span class="method-start">593742 ms</span>
              </div> <!-- test-method -->
              <div class="configuration-method after">
                <span class="method-name">cleanAfterTestMethod</span>
                <span class="method-start">593757 ms</span>
              </div> <!-- configuration-method after -->
              <div class="configuration-method before">
                <span class="method-name">setupBeforeTestMethod</span>
                <span class="method-start">593768 ms</span>
              </div> <!-- configuration-method before -->
              <div class="test-method">
                <span class="method-name">testTwo</span>
                <span class="method-start">593773 ms</span>
              </div> <!-- test-method -->
              <div class="configuration-method after">
                <span class="method-name">cleanAfterTestMethod</span>
                <span class="method-start">593773 ms</span>
              </div> <!-- configuration-method after -->
            </div> <!-- chronological-class -->
            <div class="chronological-class">
              <div class="chronological-class-name">com.phase2.testng.AssertionTest</div> <!-- chronological-class-name -->
              <div class="test-method">
                <span class="method-name">hardAssertTest</span>
                <span class="method-start">593789 ms</span>
              </div> <!-- test-method -->
            </div> <!-- chronological-class -->
            <div class="chronological-class">
              <div class="chronological-class-name">com.phase2.testng.TestNgStandardAnnotationTest</div> <!-- chronological-class-name -->
              <div class="configuration-class after">
                <span class="method-name">cleanAfterClass</span>
                <span class="method-start">593789 ms</span>
              </div> <!-- configuration-class after -->
            </div> <!-- chronological-class -->
            <div class="chronological-class">
              <div class="chronological-class-name">com.phase2.testng.AssertionTest</div> <!-- chronological-class-name -->
              <div class="test-method">
                <span class="method-name">softAssertTest</span>
                <span class="method-start">593810 ms</span>
              </div> <!-- test-method -->
              <div class="test-method">
                <span class="method-name">testAsserts</span>
                <span class="method-start">593852 ms</span>
              </div> <!-- test-method -->
            </div> <!-- chronological-class -->
            <div class="chronological-class">
              <div class="chronological-class-name">com.phase2.testng.TestNgStandardAnnotationTest</div> <!-- chronological-class-name -->
              <div class="configuration-suite after">
                <span class="method-name">cleanAfterTestSuite</span>
                <span class="method-start">593899 ms</span>
              </div> <!-- configuration-suite after -->
          </div> <!-- main-panel-content rounded-window-bottom -->
        </div> <!-- panel -->
      </div> <!-- main-panel-root -->
    </div> <!-- wrapper -->
  </body>
<script type="text/javascript" src="testng-reports2.js"></script>
</html>
