<?xml version="1.0" encoding="UTF-8"?>
<!-- Generated by org.testng.reporters.JUnitXMLReporter -->
<testsuite ignored="0" hostname="DESKTOP-SKMHA9M" failures="2" tests="11" name="Amazon Test" time="592.813" errors="0" timestamp="2023-12-18T16:38:43 IST">
  <testcase classname="com.phase2.testng.amazon.AmazonHomepageTest" name="testAmazonHomePageSourceUrl" time="0.228"/>
  <testcase classname="com.phase2.testng.amazon.AmazonHomepageTest" name="testAmazonHomePageTitle" time="0.058"/>
  <testcase classname="com.phase2.testng.amazon.AmazonHomepageTest" name="testAmazonHomePageTitle2" time="0.05"/>
  <testcase classname="com.phase2.testng.amazon.AmazonLinkVerificationCssSelectorTest" name="tdLinkTest1" time="12.446"/>
  <testcase classname="com.phase2.testng.amazon.AmazonLinkVerificationCssSelectorTest" name="tdLinkTest2" time="12.239"/>
  <testcase classname="com.phase2.testng.amazon.AmazonLinkVerificationTest" name="linkTest1" time="7.651"/>
  <testcase classname="com.phase2.testng.amazon.AmazonLinkVerificationTest" name="linkTest2" time="8.08"/>
  <testcase classname="com.phase2.testng.amazon.AmazonLinkVerificationXpathTest" name="xpathLinkTest1" time="12.109"/>
  <testcase classname="com.phase2.testng.amazon.AmazonLinkVerificationXpathTest" name="xpathLinkTest2" time="1.234">
    <failure type="org.openqa.selenium.NoSuchElementException" message="Unable to locate element: /html/body/div[1]/header/div/div[4]/div[2]/div[2]/div/a[5]
For documentation on this error, please visit: https://www.selenium.dev/documentation/webdriver/troubleshooting/errors#no-such-element-exception
Build info: version: &amp;apos;4.16.1&amp;apos;, revision: &amp;apos;9b4c83354e&amp;apos;
System info: os.name: &amp;apos;Windows 11&amp;apos;, os.arch: &amp;apos;amd64&amp;apos;, os.version: &amp;apos;10.0&amp;apos;, java.version: &amp;apos;17.0.5&amp;apos;
Driver info: org.openqa.selenium.firefox.FirefoxDriver
Command: [6fa5097e-2b6a-41a5-bca9-284b632a0b8e, findElement {using=xpath, value=/html/body/div[1]/header/div/div[4]/div[2]/div[2]/div/a[5]}]
Capabilities {acceptInsecureCerts: true, browserName: firefox, browserVersion: 120.0.1, moz:accessibilityChecks: false, moz:buildID: 20231129155202, moz:debuggerAddress: 127.0.0.1:42521, moz:geckodriverVersion: 0.33.0, moz:headless: false, moz:platformVersion: 10.0, moz:processID: 10192, moz:profile: C:\Users\Admin\AppData\Loca..., moz:shutdownTimeout: 60000, moz:webdriverClick: true, moz:windowless: false, pageLoadStrategy: normal, platformName: windows, proxy: Proxy(), se:cdp: ws://127.0.0.1:42521/devtoo..., se:cdpVersion: 85.0, setWindowRect: true, strictFileInteractability: false, timeouts: {implicit: 0, pageLoad: 300000, script: 30000}, unhandledPromptBehavior: dismiss and notify}
Session ID: 6fa5097e-2b6a-41a5-bca9-284b632a0b8e">
      <![CDATA[org.openqa.selenium.NoSuchElementException: Unable to locate element: /html/body/div[1]/header/div/div[4]/div[2]/div[2]/div/a[5]
For documentation on this error, please visit: https://www.selenium.dev/documentation/webdriver/troubleshooting/errors#no-such-element-exception
Build info: version: '4.16.1', revision: '9b4c83354e'
System info: os.name: 'Windows 11', os.arch: 'amd64', os.version: '10.0', java.version: '17.0.5'
Driver info: org.openqa.selenium.firefox.FirefoxDriver
Command: [6fa5097e-2b6a-41a5-bca9-284b632a0b8e, findElement {using=xpath, value=/html/body/div[1]/header/div/div[4]/div[2]/div[2]/div/a[5]}]
Capabilities {acceptInsecureCerts: true, browserName: firefox, browserVersion: 120.0.1, moz:accessibilityChecks: false, moz:buildID: 20231129155202, moz:debuggerAddress: 127.0.0.1:42521, moz:geckodriverVersion: 0.33.0, moz:headless: false, moz:platformVersion: 10.0, moz:processID: 10192, moz:profile: C:\Users\Admin\AppData\Loca..., moz:shutdownTimeout: 60000, moz:webdriverClick: true, moz:windowless: false, pageLoadStrategy: normal, platformName: windows, proxy: Proxy(), se:cdp: ws://127.0.0.1:42521/devtoo..., se:cdpVersion: 85.0, setWindowRect: true, strictFileInteractability: false, timeouts: {implicit: 0, pageLoad: 300000, script: 30000}, unhandledPromptBehavior: dismiss and notify}
Session ID: 6fa5097e-2b6a-41a5-bca9-284b632a0b8e
at org.openqa.selenium.remote.codec.w3c.W3CHttpResponseCodec.createException(W3CHttpResponseCodec.java:200)
at org.openqa.selenium.remote.codec.w3c.W3CHttpResponseCodec.decode(W3CHttpResponseCodec.java:133)
at org.openqa.selenium.remote.codec.w3c.W3CHttpResponseCodec.decode(W3CHttpResponseCodec.java:52)
at org.openqa.selenium.remote.HttpCommandExecutor.execute(HttpCommandExecutor.java:191)
at org.openqa.selenium.remote.service.DriverCommandExecutor.invokeExecute(DriverCommandExecutor.java:200)
at org.openqa.selenium.remote.service.DriverCommandExecutor.execute(DriverCommandExecutor.java:175)
at org.openqa.selenium.remote.RemoteWebDriver.execute(RemoteWebDriver.java:523)
at org.openqa.selenium.remote.ElementLocation$ElementFinder$2.findElement(ElementLocation.java:165)
at org.openqa.selenium.remote.ElementLocation.findElement(ElementLocation.java:59)
at org.openqa.selenium.remote.RemoteWebDriver.findElement(RemoteWebDriver.java:360)
at org.openqa.selenium.remote.RemoteWebDriver.findElement(RemoteWebDriver.java:354)
at com.phase2.testng.amazon.AmazonLinkVerificationXpathTest.xpathLinkTest2(AmazonLinkVerificationXpathTest.java:64)
at java.base/java.util.ArrayList.forEach(ArrayList.java:1511)
... Removed 32 stack frames]]>
    </failure>
  </testcase> <!-- xpathLinkTest2 -->
  <testcase classname="com.phase2.testng.amazon.AmazonSearchTest" name="testSearch1" time="6.55"/>
  <testcase classname="com.phase2.testng.amazon.AmazonSearchTest" name="testSearch2" time="4.271">
    <failure type="java.lang.AssertionError" message="expected [Amazon.in : Apple Mac book] but found []">
      <![CDATA[java.lang.AssertionError: expected [Amazon.in : Apple Mac book] but found []
at com.phase2.testng.amazon.AmazonSearchTest.testSearch2(AmazonSearchTest.java:67)
at java.base/java.util.ArrayList.forEach(ArrayList.java:1511)
... Removed 33 stack frames]]>
    </failure>
  </testcase> <!-- testSearch2 -->
</testsuite> <!-- Amazon Test -->
