<?xml version="1.0" encoding="UTF-8"?>
<!-- Generated by org.testng.reporters.JUnitXMLReporter -->
<testsuite ignored="1" hostname="DESKTOP-SKMHA9M" failures="1" tests="5" name="Group Test" time="0.408" errors="0" timestamp="2023-12-18T16:38:43 IST">
  <testcase classname="com.phase2.testng.AttributeGroupTest" name="r1" time="0.015"/>
  <testcase classname="com.phase2.testng.AttributeGroupTest" name="r2" time="0.234">
    <failure type="org.testng.internal.thread.ThreadTimeoutException" message="Method com.phase2.testng.AttributeGroupTest.r2() didn&amp;apos;t finish within the time-out 200">
      <![CDATA[org.testng.internal.thread.ThreadTimeoutException: Method com.phase2.testng.AttributeGroupTest.r2() didn't finish within the time-out 200
at java.base@17.0.5/java.lang.Thread.sleep(Native Method)
at app//com.phase2.testng.AttributeGroupTest.r2(AttributeGroupTest.java:42)
at java.base@17.0.5/java.util.concurrent.FutureTask.run(FutureTask.java:264)
at java.base@17.0.5/java.util.concurrent.ThreadPoolExecutor.runWorker(ThreadPoolExecutor.java:1136)
at java.base@17.0.5/java.util.concurrent.ThreadPoolExecutor$Worker.run(ThreadPoolExecutor.java:635)
at java.base@17.0.5/java.lang.Thread.run(Thread.java:833)
... Removed 8 stack frames]]>
    </failure>
  </testcase> <!-- r2 -->
  <testcase classname="com.phase2.testng.AttributeGroupTest" name="r3" time="0.0">
    <skipped/>
  </testcase> <!-- r3 -->
  <testcase classname="com.phase2.testng.AttributeGroupTest" name="testOne" time="0.0"/>
  <testcase classname="com.phase2.testng.AttributeGroupTest" name="testTwo" time="0.009"/>
  <testcase classname="com.phase2.testng.AttributeGroupTest" name="testThree" time="0.0">
    <ignored/>
  </testcase> <!-- testThree -->
</testsuite> <!-- Group Test -->
